<?xml version="1.0" encoding="UTF-8"?>
<testsuite name="by.alfabank.test.logic.CompareLogicTest" tests="2" skipped="0" failures="0" errors="0" timestamp="2022-06-05T09:09:27" hostname="LAPTOP-D57P60Q1" time="0.004">
  <properties/>
  <testcase name="convertTest()" classname="by.alfabank.test.logic.CompareLogicTest" time="0.002"/>
  <testcase name="firstGreaterSecondTest()" classname="by.alfabank.test.logic.CompareLogicTest" time="0.002"/>
  <system-out><![CDATA[]]></system-out>
  <system-err><![CDATA[]]></system-err>
</testsuite>
